[21:37:53] [Client thread/INFO]: Setting user: Player734
[21:37:54] [Client thread/INFO]: LWJGL Version: 2.9.4
[21:37:56] [Client thread/INFO]: Reloading ResourceManager: Default, FMLFileResourcePack:Forge Mod Loader, FMLFileResourcePack:Minecraft Forge, FMLFileResourcePack:Dungeon Tracker
[21:37:56] [Sound Library Loader/INFO]: Starting up SoundSystem...
[21:37:56] [Thread-9/INFO]: Initializing LWJGL OpenAL
[21:37:56] [Thread-9/INFO]: (The LWJGL binding of OpenAL.  For more information, see http://www.lwjgl.org)
[21:37:56] [Thread-9/INFO]: OpenAL initialized.
[21:37:56] [Sound Library Loader/INFO]: Sound engine started
[21:37:58] [Client thread/INFO]: Created: 16x16 textures-atlas
[21:37:58] [Client thread/INFO]: Reloading ResourceManager: Default, FMLFileResourcePack:Forge Mod Loader, FMLFileResourcePack:Minecraft Forge, FMLFileResourcePack:Dungeon Tracker
[21:37:58] [Client thread/INFO]: SoundSystem shutting down...
[21:37:58] [Client thread/WARN]: Author: Paul Lamb, www.paulscode.com
[21:37:58] [Sound Library Loader/INFO]: Starting up SoundSystem...
[21:37:59] [Thread-11/INFO]: Initializing LWJGL OpenAL
[21:37:59] [Thread-11/INFO]: (The LWJGL binding of OpenAL.  For more information, see http://www.lwjgl.org)
[21:37:59] [Thread-11/INFO]: OpenAL initialized.
[21:37:59] [Sound Library Loader/INFO]: Sound engine started
[21:38:00] [Client thread/INFO]: Created: 512x512 textures-atlas
[21:38:06] [Server thread/INFO]: Starting integrated minecraft server version 1.8.9
[21:38:06] [Server thread/INFO]: Generating keypair
[21:38:07] [Server thread/INFO]: Preparing start region for level 0
[21:38:07] [Server thread/INFO]: Changing view distance to 12, from 10
[21:38:08] [Server thread/INFO]: Player734[local:E:89073cc0] logged in with entity id 310 at (38.371999143999076, 4.0, -1179.416439020043)
[21:38:08] [Server thread/INFO]: Player734 joined the game
[21:38:10] [Client thread/INFO]: [CHAT] §a[SkyBlock Tracker] Opening tracker...
[21:38:11] [Server thread/INFO]: Saving and pausing game...
[21:38:11] [Server thread/INFO]: Saving chunks for level 'DT test'/Overworld
[21:38:11] [Server thread/INFO]: Saving chunks for level 'DT test'/Nether
[21:38:11] [Server thread/INFO]: Saving chunks for level 'DT test'/The End
[21:38:22] [Server thread/INFO]: <Player734> hallo Fluffycat5
[21:38:22] [Client thread/INFO]: [CHAT] <Player734> hallo Fluffycat5
[21:38:29] [Client thread/INFO]: [CHAT] §a[SkyBlock Tracker] Opening tracker for §bFluffycat5...
[21:38:43] [Client thread/INFO]: [CHAT] §a[SkyBlock Tracker] Opening tracker...
[21:38:44] [Server thread/INFO]: Saving and pausing game...
[21:38:44] [Server thread/INFO]: Saving chunks for level 'DT test'/Overworld
[21:38:44] [Server thread/INFO]: Saving chunks for level 'DT test'/Nether
[21:38:44] [Server thread/INFO]: Saving chunks for level 'DT test'/The End
[21:39:11] [Server thread/INFO]: Saving and pausing game...
[21:39:11] [Server thread/INFO]: Saving chunks for level 'DT test'/Overworld
[21:39:11] [Server thread/INFO]: Saving chunks for level 'DT test'/Nether
[21:39:11] [Server thread/INFO]: Saving chunks for level 'DT test'/The End
[21:39:12] [Client thread/INFO]: Stopping!
[21:39:12] [Client thread/INFO]: SoundSystem shutting down...
[21:39:12] [Server thread/INFO]: Stopping server
[21:39:12] [Server thread/INFO]: Saving players
[21:39:12] [Server thread/INFO]: Saving worlds
[21:39:12] [Server thread/INFO]: Saving chunks for level 'DT test'/Overworld
[21:39:12] [Server thread/INFO]: Saving chunks for level 'DT test'/Nether
[21:39:12] [Server thread/INFO]: Saving chunks for level 'DT test'/The End
[21:39:12] [Client thread/WARN]: Author: Paul Lamb, www.paulscode.com
